0 info it worked if it ends with ok
1 verbose cli [ '/home/anton/.nvm/versions/node/v6.0.0/bin/node',
1 verbose cli   '/home/anton/.nvm/versions/node/v6.0.0/bin/npm',
1 verbose cli   'start' ]
2 info using npm@3.8.6
3 info using node@v6.0.0
4 verbose run-script [ 'prestart', 'start', 'poststart' ]
5 info lifecycle myapp@0.0.0~prestart: myapp@0.0.0
6 silly lifecycle myapp@0.0.0~prestart: no script for prestart, continuing
7 info lifecycle myapp@0.0.0~start: myapp@0.0.0
8 verbose lifecycle myapp@0.0.0~start: unsafe-perm in lifecycle true
9 verbose lifecycle myapp@0.0.0~start: PATH: /home/anton/.nvm/versions/node/v6.0.0/lib/node_modules/npm/bin/node-gyp-bin:/home/anton/node/myapp/node_modules/.bin:/home/anton/.nvm/versions/node/v6.0.0/bin:/home/anton/.nvm/versions/node/v6.0.0/bin:/home/anton/bin:/home/anton/.local/bin:/usr/local/sbin:/usr/local/bin:/usr/sbin:/usr/bin:/sbin:/bin:/usr/games:/usr/local/games:/snap/bin:/usr/lib/jvm/java-8-oracle/bin:/usr/lib/jvm/java-8-oracle/db/bin:/usr/lib/jvm/java-8-oracle/jre/bin
10 verbose lifecycle myapp@0.0.0~start: CWD: /home/anton/node/myapp
11 silly lifecycle myapp@0.0.0~start: Args: [ '-c', 'nodemon ./bin/www' ]
12 silly lifecycle myapp@0.0.0~start: Returned: code: 126  signal: null
13 info lifecycle myapp@0.0.0~start: Failed to exec start script
14 verbose stack Error: myapp@0.0.0 start: `nodemon ./bin/www`
14 verbose stack Exit status 126
14 verbose stack     at EventEmitter.<anonymous> (/home/anton/.nvm/versions/node/v6.0.0/lib/node_modules/npm/lib/utils/lifecycle.js:239:16)
14 verbose stack     at emitTwo (events.js:106:13)
14 verbose stack     at EventEmitter.emit (events.js:191:7)
14 verbose stack     at ChildProcess.<anonymous> (/home/anton/.nvm/versions/node/v6.0.0/lib/node_modules/npm/lib/utils/spawn.js:24:14)
14 verbose stack     at emitTwo (events.js:106:13)
14 verbose stack     at ChildProcess.emit (events.js:191:7)
14 verbose stack     at maybeClose (internal/child_process.js:850:16)
14 verbose stack     at Process.ChildProcess._handle.onexit (internal/child_process.js:215:5)
15 verbose pkgid myapp@0.0.0
16 verbose cwd /home/anton/node/myapp
17 error Linux 4.13.0-26-generic
18 error argv "/home/anton/.nvm/versions/node/v6.0.0/bin/node" "/home/anton/.nvm/versions/node/v6.0.0/bin/npm" "start"
19 error node v6.0.0
20 error npm  v3.8.6
21 error code ELIFECYCLE
22 error myapp@0.0.0 start: `nodemon ./bin/www`
22 error Exit status 126
23 error Failed at the myapp@0.0.0 start script 'nodemon ./bin/www'.
23 error Make sure you have the latest version of node.js and npm installed.
23 error If you do, this is most likely a problem with the myapp package,
23 error not with npm itself.
23 error Tell the author that this fails on your system:
23 error     nodemon ./bin/www
23 error You can get information on how to open an issue for this project with:
23 error     npm bugs myapp
23 error Or if that isn't available, you can get their info via:
23 error     npm owner ls myapp
23 error There is likely additional logging output above.
24 verbose exit [ 1, true ]
